<?xml version="1.0" encoding="UTF-8"?>
<testsuite name="DisemvowellerTest" tests="7" skipped="0" failures="0" errors="0" timestamp="2016-02-12T18:49:45" hostname="epicodus-55.local" time="0.407">
  <properties/>
  <testcase name="resultPhraseTest" classname="DisemvowellerTest" time="0.313"/>
  <testcase name="resultTest" classname="DisemvowellerTest" time="0.024"/>
  <testcase name="rootTest" classname="DisemvowellerTest" time="0.01"/>
  <testcase name="removeVowels_VowellessWordWillBeReturnedAsIs_returnsRhythm" classname="DisemvowellerTest" time="0.0"/>
  <testcase name="removeVowels_removesVowelsFromAPhrase_returnsMryHdLttlLmb" classname="DisemvowellerTest" time="0.001"/>
  <testcase name="removeVowels_removesVowelsFromASingleWord_returnsSBSTS" classname="DisemvowellerTest" time="0.001"/>
  <testcase name="guessPhraseTest" classname="DisemvowellerTest" time="0.031"/>
  <system-out><![CDATA[]]></system-out>
  <system-err><![CDATA[[Thread-4] INFO spark.webserver.SparkServer - == Spark has ignited ...
[Thread-4] INFO spark.webserver.SparkServer - >> Listening on 0.0.0.0:4567
[Thread-4] INFO org.eclipse.jetty.server.Server - jetty-9.0.2.v20130417
[Thread-4] INFO org.eclipse.jetty.server.ServerConnector - Started ServerConnector@6597e5aa{HTTP/1.1}{0.0.0.0:4567}
[Test worker] INFO spark.webserver.SparkServer - >>> Spark shutting down ...
[Test worker] INFO org.eclipse.jetty.server.Server - Graceful shutdown org.eclipse.jetty.server.Server@496efb94 by 
[Test worker] INFO org.eclipse.jetty.server.ServerConnector - Stopped ServerConnector@6597e5aa{HTTP/1.1}{0.0.0.0:4567}
[Test worker] INFO spark.webserver.SparkServer - done
]]></system-err>
</testsuite>
